<html>
<head>
<title>TestNG:  Selenium-Suite</title>
<link href="../testng.css" rel="stylesheet" type="text/css" />
<link href="../my-testng.css" rel="stylesheet" type="text/css" />

<style type="text/css">
.log { display: none;} 
.stack-trace { display: none;} 
</style>
<script type="text/javascript">
<!--
function flip(e) {
  current = e.style.display;
  if (current == 'block') {
    e.style.display = 'none';
    return 0;
  }
  else {
    e.style.display = 'block';
    return 1;
  }
}

function toggleBox(szDivId, elem, msg1, msg2)
{
  var res = -1;  if (document.getElementById) {
    res = flip(document.getElementById(szDivId));
  }
  else if (document.all) {
    // this is the way old msie versions work
    res = flip(document.all[szDivId]);
  }
  if(elem) {
    if(res == 0) elem.innerHTML = msg1; else elem.innerHTML = msg2;
  }

}

function toggleAllBoxes() {
  if (document.getElementsByTagName) {
    d = document.getElementsByTagName('div');
    for (i = 0; i < d.length; i++) {
      if (d[i].className == 'log') {
        flip(d[i]);
      }
    }
  }
}

// -->
</script>

</head>
<body>
<h2 align='center'>Selenium-Suite</h2><table border='1' align="center">
<tr>
<td>Tests passed/Failed/Skipped:</td><td>4/1/0</td>
</tr><tr>
<td>Started on:</td><td>Sun Nov 24 22:31:15 IST 2019</td>
</tr>
<tr><td>Total time:</td><td>114 seconds (114988 ms)</td>
</tr><tr>
<td>Included groups:</td><td></td>
</tr><tr>
<td>Excluded groups:</td><td></td>
</tr>
</table><p/>
<small><i>(Hover the method name to see the test class name)</i></small><p/>
<table width='100%' border='1' class='invocation-failed'>
<tr><td colspan='4' align='center'><b>FAILED TESTS</b></td></tr>
<tr><td><b>Test method</b></td>
<td width="30%"><b>Exception</b></td>
<td width="10%"><b>Time (seconds)</b></td>
<td><b>Instance</b></td>
</tr>
<tr>
<td title='com.myComp.myTeam.testScript.TC_tv_005.testCase()'><b>testCase</b><br>Test class: com.myComp.myTeam.testScript.TC_tv_005</td>
<td><div><pre>java.lang.AssertionError:  Total Price verified at the ShopPage Successfully expected [1197] but found [0000.00]
	at com.myComp.myTeam.AppPages.ShopPage.total_Price_Verification(ShopPage.java:68)
	at com.myComp.myTeam.testScript.TC_tv_005.testCase(TC_tv_005.java:24)
... Removed 27 stack frames</pre></div><a href='#' onClick='toggleBox("stack-trace1900366749", this, "Click to show all stack frames", "Click to hide stack frames")'>Click to show all stack frames</a>
<div class='stack-trace' id='stack-trace1900366749'><pre>java.lang.AssertionError:  Total Price verified at the ShopPage Successfully expected [1197] but found [0000.00]
	at org.testng.Assert.fail(Assert.java:94)
	at org.testng.Assert.failNotEquals(Assert.java:496)
	at org.testng.Assert.assertEquals(Assert.java:125)
	at org.testng.Assert.assertEquals(Assert.java:178)
	at com.myComp.myTeam.AppPages.ShopPage.total_Price_Verification(ShopPage.java:68)
	at com.myComp.myTeam.testScript.TC_tv_005.testCase(TC_tv_005.java:24)
	at sun.reflect.NativeMethodAccessorImpl.invoke0(Native Method)
	at sun.reflect.NativeMethodAccessorImpl.invoke(NativeMethodAccessorImpl.java:62)
	at sun.reflect.DelegatingMethodAccessorImpl.invoke(DelegatingMethodAccessorImpl.java:43)
	at java.lang.reflect.Method.invoke(Method.java:498)
	at org.testng.internal.MethodInvocationHelper.invokeMethod(MethodInvocationHelper.java:85)
	at org.testng.internal.Invoker.invokeMethod(Invoker.java:639)
	at org.testng.internal.Invoker.invokeTestMethod(Invoker.java:816)
	at org.testng.internal.Invoker.invokeTestMethods(Invoker.java:1124)
	at org.testng.internal.TestMethodWorker.invokeTestMethods(TestMethodWorker.java:125)
	at org.testng.internal.TestMethodWorker.run(TestMethodWorker.java:108)
	at org.testng.TestRunner.privateRun(TestRunner.java:774)
	at org.testng.TestRunner.run(TestRunner.java:624)
	at org.testng.SuiteRunner.runTest(SuiteRunner.java:359)
	at org.testng.SuiteRunner.runSequentially(SuiteRunner.java:354)
	at org.testng.SuiteRunner.privateRun(SuiteRunner.java:312)
	at org.testng.SuiteRunner.run(SuiteRunner.java:261)
	at org.testng.SuiteRunnerWorker.runSuite(SuiteRunnerWorker.java:52)
	at org.testng.SuiteRunnerWorker.run(SuiteRunnerWorker.java:86)
	at org.testng.TestNG.runSuitesSequentially(TestNG.java:1215)
	at org.testng.TestNG.runSuitesLocally(TestNG.java:1140)
	at org.testng.TestNG.run(TestNG.java:1048)
	at org.testng.IDEARemoteTestNG.run(IDEARemoteTestNG.java:73)
	at org.testng.RemoteTestNGStarter.main(RemoteTestNGStarter.java:123)
</pre></div></td>
<td>10</td>
<td>com.myComp.myTeam.testScript.TC_tv_005@32e6e9c3</td></tr>
</table><p>
<table width='100%' border='1' class='invocation-passed'>
<tr><td colspan='4' align='center'><b>PASSED TESTS</b></td></tr>
<tr><td><b>Test method</b></td>
<td width="30%"><b>Exception</b></td>
<td width="10%"><b>Time (seconds)</b></td>
<td><b>Instance</b></td>
</tr>
<tr>
<td title='com.myComp.myTeam.testScript.TC_tv_001.testCase()'><b>testCase</b><br>Test class: com.myComp.myTeam.testScript.TC_tv_001</td>
<td></td>
<td>3</td>
<td>com.myComp.myTeam.testScript.TC_tv_001@3c09711b</td></tr>
<tr>
<td title='com.myComp.myTeam.testScript.TC_tv_002.testCase()'><b>testCase</b><br>Test class: com.myComp.myTeam.testScript.TC_tv_002</td>
<td></td>
<td>4</td>
<td>com.myComp.myTeam.testScript.TC_tv_002@5cc7c2a6</td></tr>
<tr>
<td title='com.myComp.myTeam.testScript.TC_tv_003.testCase()'><b>testCase</b><br>Test class: com.myComp.myTeam.testScript.TC_tv_003</td>
<td></td>
<td>5</td>
<td>com.myComp.myTeam.testScript.TC_tv_003@b97c004</td></tr>
<tr>
<td title='com.myComp.myTeam.testScript.TC_tv_004.testCase()'><b>testCase</b><br>Test class: com.myComp.myTeam.testScript.TC_tv_004</td>
<td></td>
<td>9</td>
<td>com.myComp.myTeam.testScript.TC_tv_004@4590c9c3</td></tr>
</table><p>
</body>
</html>