<?xml version="1.0" encoding="UTF-8"?>
<!-- Generated by org.testng.reporters.JUnitXMLReporter -->
<testsuite hostname="Nitishs-MacBook-Air.local" name="Selenium-Suite" tests="5" failures="1" timestamp="24 Nov 2019 17:03:10 GMT" time="114.988" errors="0">
  <testcase name="testCase" time="3.601" classname="com.myComp.myTeam.testScript.TC_tv_001"/>
  <testcase name="testCase" time="4.371" classname="com.myComp.myTeam.testScript.TC_tv_002"/>
  <testcase name="testCase" time="5.19" classname="com.myComp.myTeam.testScript.TC_tv_003"/>
  <testcase name="testCase" time="9.187" classname="com.myComp.myTeam.testScript.TC_tv_004"/>
  <testcase name="testCase" time="10.988" classname="com.myComp.myTeam.testScript.TC_tv_005">
    <failure type="java.lang.AssertionError" message=" Total Price verified at the ShopPage Successfully expected [1197] but found [0000.00]">
      <![CDATA[java.lang.AssertionError:  Total Price verified at the ShopPage Successfully expected [1197] but found [0000.00]
	at com.myComp.myTeam.AppPages.ShopPage.total_Price_Verification(ShopPage.java:68)
	at com.myComp.myTeam.testScript.TC_tv_005.testCase(TC_tv_005.java:24)
... Removed 27 stack frames]]>
    </failure>
  </testcase> <!-- testCase -->
</testsuite> <!-- Selenium-Suite -->
