<?xml version="1.0" encoding="UTF-8"?>
<testng-results skipped="0" failed="1" total="5" passed="4">
  <reporter-output>
  </reporter-output>
  <suite name="My App" duration-ms="114988" started-at="2019-11-24T17:01:15Z" finished-at="2019-11-24T17:03:10Z">
    <groups>
    </groups>
    <test name="Selenium-Suite" duration-ms="114988" started-at="2019-11-24T17:01:15Z" finished-at="2019-11-24T17:03:10Z">
      <class name="com.myComp.myTeam.testScript.TC_tv_005">
        <test-method status="PASS" signature="preRequisite()[pri:0, instance:com.myComp.myTeam.testScript.TC_tv_005@32e6e9c3]" name="preRequisite" is-config="true" duration-ms="14620" started-at="2019-11-24T22:32:42Z" finished-at="2019-11-24T22:32:56Z">
          <reporter-output>
          </reporter-output>
        </test-method> <!-- preRequisite -->
        <test-method status="FAIL" signature="testCase()[pri:0, instance:com.myComp.myTeam.testScript.TC_tv_005@32e6e9c3]" name="testCase" duration-ms="10988" started-at="2019-11-24T22:32:56Z" finished-at="2019-11-24T22:33:07Z">
          <exception class="java.lang.AssertionError">
            <message>
              <![CDATA[ Total Price verified at the ShopPage Successfully expected [1197] but found [0000.00]]]>
            </message>
            <full-stacktrace>
              <![CDATA[java.lang.AssertionError:  Total Price verified at the ShopPage Successfully expected [1197] but found [0000.00]
	at org.testng.Assert.fail(Assert.java:94)
	at org.testng.Assert.failNotEquals(Assert.java:496)
	at org.testng.Assert.assertEquals(Assert.java:125)
	at org.testng.Assert.assertEquals(Assert.java:178)
	at com.myComp.myTeam.AppPages.ShopPage.total_Price_Verification(ShopPage.java:68)
	at com.myComp.myTeam.testScript.TC_tv_005.testCase(TC_tv_005.java:24)
	at sun.reflect.NativeMethodAccessorImpl.invoke0(Native Method)
	at sun.reflect.NativeMethodAccessorImpl.invoke(NativeMethodAccessorImpl.java:62)
	at sun.reflect.DelegatingMethodAccessorImpl.invoke(DelegatingMethodAccessorImpl.java:43)
	at java.lang.reflect.Method.invoke(Method.java:498)
	at org.testng.internal.MethodInvocationHelper.invokeMethod(MethodInvocationHelper.java:85)
	at org.testng.internal.Invoker.invokeMethod(Invoker.java:639)
	at org.testng.internal.Invoker.invokeTestMethod(Invoker.java:816)
	at org.testng.internal.Invoker.invokeTestMethods(Invoker.java:1124)
	at org.testng.internal.TestMethodWorker.invokeTestMethods(TestMethodWorker.java:125)
	at org.testng.internal.TestMethodWorker.run(TestMethodWorker.java:108)
	at org.testng.TestRunner.privateRun(TestRunner.java:774)
	at org.testng.TestRunner.run(TestRunner.java:624)
	at org.testng.SuiteRunner.runTest(SuiteRunner.java:359)
	at org.testng.SuiteRunner.runSequentially(SuiteRunner.java:354)
	at org.testng.SuiteRunner.privateRun(SuiteRunner.java:312)
	at org.testng.SuiteRunner.run(SuiteRunner.java:261)
	at org.testng.SuiteRunnerWorker.runSuite(SuiteRunnerWorker.java:52)
	at org.testng.SuiteRunnerWorker.run(SuiteRunnerWorker.java:86)
	at org.testng.TestNG.runSuitesSequentially(TestNG.java:1215)
	at org.testng.TestNG.runSuitesLocally(TestNG.java:1140)
	at org.testng.TestNG.run(TestNG.java:1048)
	at org.testng.IDEARemoteTestNG.run(IDEARemoteTestNG.java:73)
	at org.testng.RemoteTestNGStarter.main(RemoteTestNGStarter.java:123)
]]>
            </full-stacktrace>
          </exception> <!-- java.lang.AssertionError -->
          <reporter-output>
          </reporter-output>
        </test-method> <!-- testCase -->
        <test-method status="PASS" signature="endSession()[pri:0, instance:com.myComp.myTeam.testScript.TC_tv_005@32e6e9c3]" name="endSession" is-config="true" duration-ms="2384" started-at="2019-11-24T22:33:07Z" finished-at="2019-11-24T22:33:10Z">
          <reporter-output>
          </reporter-output>
        </test-method> <!-- endSession -->
      </class> <!-- com.myComp.myTeam.testScript.TC_tv_005 -->
      <class name="com.myComp.myTeam.testScript.TC_tv_003">
        <test-method status="PASS" signature="preRequisite()[pri:0, instance:com.myComp.myTeam.testScript.TC_tv_003@b97c004]" name="preRequisite" is-config="true" duration-ms="14111" started-at="2019-11-24T22:31:56Z" finished-at="2019-11-24T22:32:10Z">
          <reporter-output>
          </reporter-output>
        </test-method> <!-- preRequisite -->
        <test-method status="PASS" signature="testCase()[pri:0, instance:com.myComp.myTeam.testScript.TC_tv_003@b97c004]" name="testCase" duration-ms="5190" started-at="2019-11-24T22:32:10Z" finished-at="2019-11-24T22:32:15Z">
          <reporter-output>
          </reporter-output>
        </test-method> <!-- testCase -->
        <test-method status="PASS" signature="endSession()[pri:0, instance:com.myComp.myTeam.testScript.TC_tv_003@b97c004]" name="endSession" is-config="true" duration-ms="1472" started-at="2019-11-24T22:32:15Z" finished-at="2019-11-24T22:32:17Z">
          <reporter-output>
          </reporter-output>
        </test-method> <!-- endSession -->
      </class> <!-- com.myComp.myTeam.testScript.TC_tv_003 -->
      <class name="com.myComp.myTeam.testScript.TC_tv_004">
        <test-method status="PASS" signature="preRequisite()[pri:0, instance:com.myComp.myTeam.testScript.TC_tv_004@4590c9c3]" name="preRequisite" is-config="true" duration-ms="14234" started-at="2019-11-24T22:32:17Z" finished-at="2019-11-24T22:32:31Z">
          <reporter-output>
          </reporter-output>
        </test-method> <!-- preRequisite -->
        <test-method status="PASS" signature="testCase()[pri:0, instance:com.myComp.myTeam.testScript.TC_tv_004@4590c9c3]" name="testCase" duration-ms="9187" started-at="2019-11-24T22:32:31Z" finished-at="2019-11-24T22:32:40Z">
          <reporter-output>
          </reporter-output>
        </test-method> <!-- testCase -->
        <test-method status="PASS" signature="endSession()[pri:0, instance:com.myComp.myTeam.testScript.TC_tv_004@4590c9c3]" name="endSession" is-config="true" duration-ms="1513" started-at="2019-11-24T22:32:40Z" finished-at="2019-11-24T22:32:42Z">
          <reporter-output>
          </reporter-output>
        </test-method> <!-- endSession -->
      </class> <!-- com.myComp.myTeam.testScript.TC_tv_004 -->
      <class name="com.myComp.myTeam.testScript.TC_tv_001">
        <test-method status="PASS" signature="preRequisite()[pri:0, instance:com.myComp.myTeam.testScript.TC_tv_001@3c09711b]" name="preRequisite" is-config="true" duration-ms="15918" started-at="2019-11-24T22:31:15Z" finished-at="2019-11-24T22:31:31Z">
          <reporter-output>
          </reporter-output>
        </test-method> <!-- preRequisite -->
        <test-method status="PASS" signature="testCase()[pri:0, instance:com.myComp.myTeam.testScript.TC_tv_001@3c09711b]" name="testCase" duration-ms="3601" started-at="2019-11-24T22:31:31Z" finished-at="2019-11-24T22:31:34Z">
          <reporter-output>
          </reporter-output>
        </test-method> <!-- testCase -->
        <test-method status="PASS" signature="endSession()[pri:0, instance:com.myComp.myTeam.testScript.TC_tv_001@3c09711b]" name="endSession" is-config="true" duration-ms="1681" started-at="2019-11-24T22:31:34Z" finished-at="2019-11-24T22:31:36Z">
          <reporter-output>
          </reporter-output>
        </test-method> <!-- endSession -->
      </class> <!-- com.myComp.myTeam.testScript.TC_tv_001 -->
      <class name="com.myComp.myTeam.testScript.TC_tv_002">
        <test-method status="PASS" signature="preRequisite()[pri:0, instance:com.myComp.myTeam.testScript.TC_tv_002@5cc7c2a6]" name="preRequisite" is-config="true" duration-ms="13818" started-at="2019-11-24T22:31:36Z" finished-at="2019-11-24T22:31:50Z">
          <reporter-output>
          </reporter-output>
        </test-method> <!-- preRequisite -->
        <test-method status="PASS" signature="testCase()[pri:0, instance:com.myComp.myTeam.testScript.TC_tv_002@5cc7c2a6]" name="testCase" duration-ms="4371" started-at="2019-11-24T22:31:50Z" finished-at="2019-11-24T22:31:54Z">
          <reporter-output>
          </reporter-output>
        </test-method> <!-- testCase -->
        <test-method status="PASS" signature="endSession()[pri:0, instance:com.myComp.myTeam.testScript.TC_tv_002@5cc7c2a6]" name="endSession" is-config="true" duration-ms="1861" started-at="2019-11-24T22:31:54Z" finished-at="2019-11-24T22:31:56Z">
          <reporter-output>
          </reporter-output>
        </test-method> <!-- endSession -->
      </class> <!-- com.myComp.myTeam.testScript.TC_tv_002 -->
      <class name="com.myComp.myTeam.Util.Prerequisite">
        <test-method status="PASS" signature="initialize(org.testng.ITestContext)[pri:0, instance:com.myComp.myTeam.Util.Prerequisite@7946e1f4]" name="initialize" is-config="true" duration-ms="6904" started-at="2019-11-24T22:31:08Z" finished-at="2019-11-24T22:31:15Z">
          <params>
            <param index="0">
              <value>
                <![CDATA[org.testng.TestRunner@64a8c844]]>
              </value>
            </param>
          </params>
          <reporter-output>
          </reporter-output>
        </test-method> <!-- initialize -->
        <test-method status="PASS" signature="ending()[pri:0, instance:com.myComp.myTeam.Util.Prerequisite@7946e1f4]" name="ending" is-config="true" duration-ms="2122" started-at="2019-11-24T22:33:10Z" finished-at="2019-11-24T22:33:12Z">
          <reporter-output>
          </reporter-output>
        </test-method> <!-- ending -->
      </class> <!-- com.myComp.myTeam.Util.Prerequisite -->
    </test> <!-- Selenium-Suite -->
  </suite> <!-- My App -->
</testng-results>
